C51 COMPILER V9.60.7.0   LCD1602                                                           08/05/2024 18:22:42 PAGE 1   


C51 COMPILER V9.60.7.0, COMPILATION OF MODULE LCD1602
OBJECT MODULE PLACED IN .\Objects\LCD1602.obj
COMPILER INVOKED BY: E:\Keil5\C51\BIN\C51.EXE LCD1602.c OPTIMIZE(8,SPEED) BROWSE DEBUG OBJECTEXTEND PRINT(.\Listings\LCD
                    -1602.lst) TABS(2) OBJECT(.\Objects\LCD1602.obj)

line level    source

   1          #include <STC89C5xRC.H>
   2          #include "LCD1602.h"
   3          #include <stdio.h>  // 使用 sprintf 函数
   4          
   5          // 引脚声明
   6          #define RS P11
   7          #define RW P10
   8          #define E P12
   9          #define LCD_DATA P0
  10          #define LCD_STATUS P07
  11          
  12          static void LCD1602_CheckStatus()
  13          {
  14   1          LCD_STATUS = 1;
  15   1          
  16   1          RS = 0;
  17   1          RW = 1;
  18   1          E = 1;
  19   1          
  20   1          while (LCD_STATUS);
  21   1      }
  22          
  23          static void LCD1602_WriteCmd(u8 cmd)
  24          {
  25   1          LCD1602_CheckStatus();
  26   1          
  27   1          RS = 0;
  28   1          RW = 0;
  29   1          
  30   1          LCD_DATA = cmd;
  31   1          
  32   1          E = 1;
  33   1          E = 0;
  34   1      }
  35          
  36          static void LCD1602_WriteData(u8 dat)
  37          {
  38   1          LCD1602_CheckStatus();
  39   1          
  40   1          RS = 1;
  41   1          RW = 0;
  42   1          LCD_DATA = dat;
  43   1          E = 1;
  44   1          E = 0;
  45   1      }
  46          
  47          void LCD1602_Init()
  48          {
  49   1          LCD1602_WriteCmd(0x01);  // 清屏
  50   1          LCD1602_WriteCmd(0x06);  // 模式设置
  51   1          LCD1602_WriteCmd(0x0C);  // 显示开关
  52   1          LCD1602_WriteCmd(0x38);  // 显示模式
  53   1      }
  54          
C51 COMPILER V9.60.7.0   LCD1602                                                           08/05/2024 18:22:42 PAGE 2   

  55          void LCD1602_DisplayString(u8 line, u8 column, u8 *p_str)
  56          {
  57   1          line &= 0x01;
  58   1          column &= 0x0F;
  59   1          
  60   1          LCD1602_WriteCmd(0x80 | (line << 6) | column);
  61   1          
  62   1          while (*p_str)
  63   1          {
  64   2              LCD1602_WriteData(*p_str);
  65   2              p_str++;
  66   2          }
  67   1      }
  68          
  69              int num;
  70          void LCD1602_DisplayNum(u8 line, u8 column, int num)
  71          {
  72   1          char buffer[16];  // 假设LCD每行可以显示16个字符
  73   1          
  74   1          sprintf(buffer,"%d",num);  // 将数字转换为字符串
  75   1          
  76   1          LCD1602_DisplayString(line, column, buffer);  // 显示字符串
  77   1      }
  78          
  79          
  80          
  81          
  82          


MODULE INFORMATION:   STATIC OVERLAYABLE
   CODE SIZE        =    141    ----
   CONSTANT SIZE    =      3    ----
   XDATA SIZE       =   ----    ----
   PDATA SIZE       =   ----    ----
   DATA SIZE        =      2      18
   IDATA SIZE       =   ----    ----
   BIT SIZE         =   ----    ----
END OF MODULE INFORMATION.


C51 COMPILATION COMPLETE.  0 WARNING(S),  0 ERROR(S)
