C51 COMPILER V9.60.7.0   MAIN                                                              08/05/2024 18:22:42 PAGE 1   


C51 COMPILER V9.60.7.0, COMPILATION OF MODULE MAIN
OBJECT MODULE PLACED IN .\Objects\main.obj
COMPILER INVOKED BY: E:\Keil5\C51\BIN\C51.EXE main.c OPTIMIZE(8,SPEED) BROWSE DEBUG OBJECTEXTEND PRINT(.\Listings\main.l
                    -st) TABS(2) OBJECT(.\Objects\main.obj)

line level    source

   1          #include <STC89C5xRC.H>
   2          #include "LCD1602.h"
   3          
   4          void main()
   5          {
   6   1          LCD1602_Init();  // 初始化LCD1602
   7   1      
   8   1          int num = 5;  // 要显示的数字
*** ERROR C141 IN LINE 8 OF main.c: syntax error near 'int', expected '__asm'
*** ERROR C202 IN LINE 8 OF main.c: 'num': undefined identifier
   9   1      
  10   1          LCD1602_DisplayString(0, 0, "B");  // 在第一行第一列显示数字
  11   1        
  12   1          LCD1602_DisplayNum(0,3,num);
*** ERROR C202 IN LINE 12 OF main.c: 'num': undefined identifier
  13   1      
  14   1          while (1)
  15   1          {
  16   2              // 你的主循环代码
  17   2          }
  18   1      }

C51 COMPILATION COMPLETE.  0 WARNING(S),  3 ERROR(S)
